<?xml version="1.0" encoding="UTF-8"?>
<!-- Generated by org.testng.reporters.JUnitReportReporter -->
<testsuite hostname="DESKTOP-QVPVDAQ" failures="0" tests="3" name="com.store.Testcases.TC_MyAccountPageTest" time="15.249" errors="0" timestamp="2023-11-11T22:49:43 IST" skipped="1">
  <testcase classname="com.store.Testcases.TC_MyAccountPageTest" name="verifyLogin" time="10.388"/>
  <system-out/>
  <testcase classname="com.store.Testcases.TC_MyAccountPageTest" name="VerifySignOut" time="4.861"/>
  <system-out/>
  <testcase classname="com.store.Testcases.TC_MyAccountPageTest" name="verifyRegistrationLogin">
    <skipped/>
  </testcase> <!-- verifyRegistrationLogin -->
  <system-out/>
</testsuite> <!-- com.store.Testcases.TC_MyAccountPageTest -->
