<?xml version="1.0" encoding="UTF-8"?>
<!-- Generated by org.testng.reporters.JUnitReportReporter -->
<testsuite hostname="DESKTOP-QVPVDAQ" failures="0" tests="2" name="com.store.Testcases.TC_ProductPageTest" time="31.159" errors="0" timestamp="2023-10-29T17:16:49 IST" skipped="0">
  <testcase classname="com.store.Testcases.TC_ProductPageTest" name="VerifySearchProduct" time="6.779"/>
  <system-out/>
  <testcase classname="com.store.Testcases.TC_ProductPageTest" name="VerifyBuyProduct" time="24.380"/>
  <system-out/>
</testsuite> <!-- com.store.Testcases.TC_ProductPageTest -->
