<?xml version="1.0" encoding="UTF-8"?>
<!-- Generated by org.testng.reporters.JUnitReportReporter -->
<testsuite hostname="DESKTOP-QVPVDAQ" failures="0" tests="2" name="com.store.Testcases.TC_ProductPageTest" time="28.633" errors="0" timestamp="2023-11-11T22:49:43 IST" skipped="0">
  <testcase classname="com.store.Testcases.TC_ProductPageTest" name="VerifySearchProduct" time="8.008"/>
  <system-out/>
  <testcase classname="com.store.Testcases.TC_ProductPageTest" name="VerifyBuyProduct" time="20.625"/>
  <system-out/>
</testsuite> <!-- com.store.Testcases.TC_ProductPageTest -->
