<?xml version="1.0" encoding="UTF-8"?>
<!-- Generated by org.testng.reporters.JUnitReportReporter -->
<testsuite hostname="DESKTOP-QVPVDAQ" failures="0" tests="3" name="com.store.Testcases.TC_MyAccountPageTest" time="10.801" errors="0" timestamp="2023-10-30T10:37:34 IST" skipped="1">
  <testcase classname="com.store.Testcases.TC_MyAccountPageTest" name="verifyLogin" time="7.392"/>
  <system-out/>
  <testcase classname="com.store.Testcases.TC_MyAccountPageTest" name="VerifySignOut" time="3.409"/>
  <system-out/>
  <testcase classname="com.store.Testcases.TC_MyAccountPageTest" name="verifyRegistrationLogin">
    <skipped/>
  </testcase> <!-- verifyRegistrationLogin -->
  <system-out/>
</testsuite> <!-- com.store.Testcases.TC_MyAccountPageTest -->
