<?xml version="1.0" encoding="UTF-8"?>
<!-- Generated by org.testng.reporters.JUnitReportReporter -->
<testsuite hostname="DESKTOP-QVPVDAQ" failures="0" tests="2" name="com.store.Testcases.TC_ProductPageTest" time="6.852" errors="0" timestamp="2023-09-11T12:26:08 IST" skipped="1">
  <testcase classname="com.store.Testcases.TC_ProductPageTest" name="VerifySearchProduct" time="6.852"/>
  <system-out/>
  <testcase classname="com.store.Testcases.TC_ProductPageTest" name="VerifyBuyProduct">
    <skipped/>
  </testcase> <!-- VerifyBuyProduct -->
  <system-out/>
</testsuite> <!-- com.store.Testcases.TC_ProductPageTest -->
