<?xml version="1.0" encoding="UTF-8"?>
<!-- Generated by org.testng.reporters.JUnitReportReporter -->
<testsuite hostname="DESKTOP-QVPVDAQ" failures="0" tests="2" name="com.store.Testcases.TC_ProductPageTest" time="34.980" errors="0" timestamp="2023-10-29T18:29:41 IST" skipped="0">
  <testcase classname="com.store.Testcases.TC_ProductPageTest" name="VerifySearchProduct" time="6.731"/>
  <system-out/>
  <testcase classname="com.store.Testcases.TC_ProductPageTest" name="VerifyBuyProduct" time="28.249"/>
  <system-out/>
</testsuite> <!-- com.store.Testcases.TC_ProductPageTest -->
