<?xml version="1.0" encoding="UTF-8"?>
<!-- Generated by org.testng.reporters.JUnitReportReporter -->
<testsuite hostname="DESKTOP-QVPVDAQ" failures="0" tests="3" name="com.store.Testcases.TC_MyAccountPageTest" time="9.658" errors="0" timestamp="2023-09-11T12:26:08 IST" skipped="1">
  <testcase classname="com.store.Testcases.TC_MyAccountPageTest" name="verifyLogin" time="5.782"/>
  <system-out/>
  <testcase classname="com.store.Testcases.TC_MyAccountPageTest" name="VerifySignOut" time="3.876"/>
  <system-out/>
  <testcase classname="com.store.Testcases.TC_MyAccountPageTest" name="verifyRegistrationLogin">
    <skipped/>
  </testcase> <!-- verifyRegistrationLogin -->
  <system-out/>
</testsuite> <!-- com.store.Testcases.TC_MyAccountPageTest -->
